<?xml version="1.0" encoding="UTF-8"?>
<testng-results skipped="0" failed="0" ignored="0" total="1" passed="1">
  <reporter-output>
  </reporter-output>
  <suite name="BDD Test Suite" duration-ms="1336" started-at="2023-03-07T10:19:50Z" finished-at="2023-03-07T10:19:51Z">
    <groups>
      <group name="cucumber">
        <method signature="TestRunner.feature(cucumber.api.testng.CucumberFeatureWrapper)[pri:0, instance:MyRunner.TestRunner@6574b225]" name="feature" class="MyRunner.TestRunner"/>
      </group> <!-- cucumber -->
    </groups>
    <test name="Orange HRM Test" duration-ms="1336" started-at="2023-03-07T10:19:50Z" finished-at="2023-03-07T10:19:51Z">
      <class name="MyRunner.TestRunner">
        <test-method status="PASS" signature="setUpClass()[pri:0, instance:MyRunner.TestRunner@6574b225]" name="setUpClass" is-config="true" duration-ms="755" started-at="2023-03-07T10:19:50Z" finished-at="2023-03-07T10:19:51Z">
          <reporter-output>
          </reporter-output>
        </test-method> <!-- setUpClass -->
        <test-method status="PASS" signature="feature(cucumber.api.testng.CucumberFeatureWrapper)[pri:0, instance:MyRunner.TestRunner@6574b225]" name="feature" duration-ms="168" started-at="2023-03-07T10:19:51Z" description="Runs Cucumber Feature" data-provider="features" finished-at="2023-03-07T10:19:51Z">
          <params>
            <param index="0">
              <value>
                <![CDATA[OrangeHRM Login Feature]]>
              </value>
            </param>
          </params>
          <reporter-output>
          </reporter-output>
        </test-method> <!-- feature -->
        <test-method status="PASS" signature="tearDownClass()[pri:0, instance:MyRunner.TestRunner@6574b225]" name="tearDownClass" is-config="true" duration-ms="71" started-at="2023-03-07T10:19:51Z" finished-at="2023-03-07T10:19:51Z">
          <reporter-output>
          </reporter-output>
        </test-method> <!-- tearDownClass -->
      </class> <!-- MyRunner.TestRunner -->
    </test> <!-- Orange HRM Test -->
  </suite> <!-- BDD Test Suite -->
</testng-results>
